[    0.000000] Initializing cgroup subsys cpuset
[    0.000000] Initializing cgroup subsys cpu
[    0.000000] Initializing cgroup subsys cpuacct
[    0.000000] Linux version 4.4.0-210-generic (buildd@lgw01-amd64-009) (gcc version 5.4.0 20160609 (Ubuntu 5.4.0-6ubuntu1~16.04.12) ) #242-Ubuntu SMP Fri Apr 16 09:57:56 UTC 2021 (Ubuntu 4.4.0-210.242-generic 4.4.262)
[    0.000000] Command line: BOOT_IMAGE=/boot/vmlinuz-4.4.0-210-generic root=LABEL=cloudimg-rootfs ro console=tty1 console=ttyS0
[    0.000000] KERNEL supported cpus:
[    0.000000]   Intel GenuineIntel
[    0.000000]   AMD AuthenticAMD
[    0.000000]   Centaur CentaurHauls
[    0.000000] x86/fpu: Legacy x87 FPU detected.
[    0.000000] e820: BIOS-provided physical RAM map:
[    0.000000] BIOS-e820: [mem 0x0000000000000000-0x000000000009fbff] usable
[    0.000000] BIOS-e820: [mem 0x000000000009fc00-0x000000000009ffff] reserved
[    0.000000] BIOS-e820: [mem 0x00000000000f0000-0x00000000000fffff] reserved
[    0.000000] BIOS-e820: [mem 0x0000000000100000-0x000000003ffeffff] usable
[    0.000000] BIOS-e820: [mem 0x000000003fff0000-0x000000003fffffff] ACPI data
[    0.000000] BIOS-e820: [mem 0x00000000fec00000-0x00000000fec00fff] reserved
[    0.000000] BIOS-e820: [mem 0x00000000fee00000-0x00000000fee00fff] reserved
[    0.000000] BIOS-e820: [mem 0x00000000fffc0000-0x00000000ffffffff] reserved
[    0.000000] NX (Execute Disable) protection: active
[    0.000000] SMBIOS 2.5 present.
[    0.000000] Hypervisor detected: KVM
[    0.000000] e820: last_pfn = 0x3fff0 max_arch_pfn = 0x400000000
[    0.000000] MTRR: Disabled
[    0.000000] x86/PAT: MTRRs disabled, skipping PAT initialization too.
[    0.000000] CPU MTRRs all blank - virtualized system.
[    0.000000] x86/PAT: Configuration [0-7]: WB  WT  UC- UC  WB  WT  UC- UC  
[    0.000000] found SMP MP-table at [mem 0x0009fff0-0x0009ffff] mapped at [ffff88000009fff0]
[    0.000000] Scanning 1 areas for low memory corruption
[    0.000000] RAMDISK: [mem 0x362dc000-0x37165fff]
[    0.000000] ACPI: Early table checksum verification disabled
[    0.000000] ACPI: RSDP 0x00000000000E0000 000024 (v02 VBOX  )
[    0.000000] ACPI: XSDT 0x000000003FFF0030 00003C (v01 VBOX   VBOXXSDT 00000001 ASL  00000061)
[    0.000000] ACPI: FACP 0x000000003FFF00F0 0000F4 (v04 VBOX   VBOXFACP 00000001 ASL  00000061)
[    0.000000] ACPI: DSDT 0x000000003FFF0610 002353 (v02 VBOX   VBOXBIOS 00000002 INTL 20220331)
[    0.000000] ACPI: FACS 0x000000003FFF0200 000040
[    0.000000] ACPI: FACS 0x000000003FFF0200 000040
[    0.000000] ACPI: APIC 0x000000003FFF0240 00005C (v02 VBOX   VBOXAPIC 00000001 ASL  00000061)
[    0.000000] ACPI: SSDT 0x000000003FFF02A0 00036C (v01 VBOX   VBOXCPUT 00000002 INTL 20220331)
[    0.000000] No NUMA configuration found
[    0.000000] Faking a node at [mem 0x0000000000000000-0x000000003ffeffff]
[    0.000000] NODE_DATA(0) allocated [mem 0x3ffeb000-0x3ffeffff]
[    0.000000] kvm-clock: Using msrs 4b564d01 and 4b564d00
[    0.000000] kvm-clock: cpu 0, msr 0:3ffe3001, primary cpu clock
[    0.000000] kvm-clock: using sched offset of 15857953765 cycles
[    0.000000] clocksource: kvm-clock: mask: 0xffffffffffffffff max_cycles: 0x1cd42e4dffb, max_idle_ns: 881590591483 ns
[    0.000000] Zone ranges:
[    0.000000]   DMA      [mem 0x0000000000001000-0x0000000000ffffff]
[    0.000000]   DMA32    [mem 0x0000000001000000-0x000000003ffeffff]
[    0.000000]   Normal   empty
[    0.000000]   Device   empty
[    0.000000] Movable zone start for each node
[    0.000000] Early memory node ranges
[    0.000000]   node   0: [mem 0x0000000000001000-0x000000000009efff]
[    0.000000]   node   0: [mem 0x0000000000100000-0x000000003ffeffff]
[    0.000000] Initmem setup node 0 [mem 0x0000000000001000-0x000000003ffeffff]
[    0.000000] ACPI: PM-Timer IO Port: 0x4008
[    0.000000] IOAPIC[0]: apic_id 2, version 32, address 0xfec00000, GSI 0-23
[    0.000000] ACPI: INT_SRC_OVR (bus 0 bus_irq 0 global_irq 2 dfl dfl)
[    0.000000] ACPI: INT_SRC_OVR (bus 0 bus_irq 9 global_irq 9 low level)
[    0.000000] Using ACPI (MADT) for SMP configuration information
[    0.000000] smpboot: Allowing 2 CPUs, 0 hotplug CPUs
[    0.000000] PM: Registered nosave memory: [mem 0x00000000-0x00000fff]
[    0.000000] PM: Registered nosave memory: [mem 0x0009f000-0x0009ffff]
[    0.000000] PM: Registered nosave memory: [mem 0x000a0000-0x000effff]
[    0.000000] PM: Registered nosave memory: [mem 0x000f0000-0x000fffff]
[    0.000000] e820: [mem 0x40000000-0xfebfffff] available for PCI devices
[    0.000000] Booting paravirtualized kernel on KVM
[    0.000000] clocksource: refined-jiffies: mask: 0xffffffff max_cycles: 0xffffffff, max_idle_ns: 7645519600211568 ns
[    0.000000] setup_percpu: NR_CPUS:512 nr_cpumask_bits:512 nr_cpu_ids:2 nr_node_ids:1
[    0.000000] PERCPU: Embedded 33 pages/cpu @ffff88003fc00000 s95192 r8192 d31784 u1048576
[    0.000000] Built 1 zonelists in Node order, mobility grouping on.  Total pages: 257912
[    0.000000] Policy zone: DMA32
[    0.000000] Kernel command line: BOOT_IMAGE=/boot/vmlinuz-4.4.0-210-generic root=LABEL=cloudimg-rootfs ro console=tty1 console=ttyS0
[    0.000000] PID hash table entries: 4096 (order: 3, 32768 bytes)
[    0.000000] Memory: 997792K/1048120K available (8644K kernel code, 1332K rwdata, 4044K rodata, 1492K init, 1164K bss, 50328K reserved, 0K cma-reserved)
[    0.000000] SLUB: HWalign=64, Order=0-3, MinObjects=0, CPUs=2, Nodes=1
[    0.000000] Kernel/User page tables isolation: enabled
[    0.000000] Hierarchical RCU implementation.
[    0.000000] 	Build-time adjustment of leaf fanout to 64.
[    0.000000] 	RCU restricting CPUs from NR_CPUS=512 to nr_cpu_ids=2.
[    0.000000] RCU: Adjusting geometry for rcu_fanout_leaf=64, nr_cpu_ids=2
[    0.000000] NR_IRQS:33024 nr_irqs:440 16
[    0.000000] Console: colour VGA+ 80x25
[    0.000000] console [tty1] enabled
[    0.000000] console [ttyS0] enabled
[    0.000000] tsc: Detected 24.008 MHz processor
[    0.962862] Calibrating delay loop (skipped) preset value.. 48.01 BogoMIPS (lpj=96032)
[    0.963708] pid_max: default: 32768 minimum: 301
[    0.964227] ACPI: Core revision 20150930
[    1.054633] ACPI: 2 ACPI AML tables successfully acquired and loaded
[    1.056062] Security Framework initialized
[    1.056569] Yama: becoming mindful.
[    1.057455] AppArmor: AppArmor initialized
[    1.063079] Dentry cache hash table entries: 131072 (order: 8, 1048576 bytes)
[    1.079356] Inode-cache hash table entries: 65536 (order: 7, 524288 bytes)
[    1.087081] Mount-cache hash table entries: 2048 (order: 2, 16384 bytes)
[    1.088077] Mountpoint-cache hash table entries: 2048 (order: 2, 16384 bytes)
[    1.094663] Initializing cgroup subsys io
[    1.095094] Initializing cgroup subsys memory
[    1.095841] Initializing cgroup subsys devices
[    1.096282] Initializing cgroup subsys freezer
[    1.096732] Initializing cgroup subsys net_cls
[    1.097302] Initializing cgroup subsys perf_event
[    1.097825] Initializing cgroup subsys net_prio
[    1.098434] Initializing cgroup subsys hugetlb
[    1.098987] Initializing cgroup subsys pids
[    1.099683] mce: CPU supports 0 MCE banks
[    1.100224] Last level iTLB entries: 4KB 64, 2MB 8, 4MB 8
[    1.100856] Last level dTLB entries: 4KB 64, 2MB 0, 4MB 0, 1GB 4
[    1.101363] Spectre V1 : Mitigation: usercopy/swapgs barriers and __user pointer sanitization
[    1.102078] Spectre V2 : Mitigation: Full generic retpoline
[    1.102811] Spectre V2 : Spectre v2 / SpectreRSB mitigation: Filling RSB on context switch
[    1.103621] Speculative Store Bypass: Vulnerable
[    1.104610] MDS: Vulnerable: Clear CPU buffers attempted, no microcode
[    1.112167] Freeing SMP alternatives memory: 36K
[    1.130862] ftrace: allocating 32380 entries in 127 pages
[    1.790600] smpboot: APIC(0) Converting physical 0 to logical package 0
[    1.791244] smpboot: Max logical packages: 1
[    1.792608] x2apic enabled
[    1.792971] Switched APIC routing to physical x2apic.
[    1.795058] ..TIMER: vector=0x30 apic1=0 pin1=2 apic2=-1 pin2=-1
[    1.903755] smpboot: CPU0: Intel(R) Core(TM) i7-6700K CPU @ 4.00GHz (family: 0x6, model: 0x5e, stepping: 0x3)
[    1.905208] Performance Events: unsupported p6 CPU model 94 no PMU driver, software events only.
[    1.961066] KVM setup paravirtual spinlock
[    1.977951] x86: Booting SMP configuration:
[    1.978592] .... node  #0, CPUs:      #1
[    1.980173] kvm-clock: cpu 1, msr 0:3ffe3041, secondary cpu clock
[    1.980697] mce: CPU supports 0 MCE banks
[    1.983892] x86: Booted up 1 node, 2 CPUs
[    1.984325] smpboot: Total of 2 processors activated (96.03 BogoMIPS)
[    1.989574] devtmpfs: initialized
[    2.154007] evm: security.selinux
[    2.154510] evm: security.SMACK64
[    2.154928] evm: security.SMACK64EXEC
[    2.155270] evm: security.SMACK64TRANSMUTE
[    2.155769] evm: security.SMACK64MMAP
[    2.156153] evm: security.ima
[    2.156491] evm: security.capability
[    2.161469] clocksource: jiffies: mask: 0xffffffff max_cycles: 0xffffffff, max_idle_ns: 7645041785100000 ns
[    2.162720] futex hash table entries: 512 (order: 3, 32768 bytes)
[    2.165802] pinctrl core: initialized pinctrl subsystem
[    2.169779] RTC time: 21:03:39, date: 01/07/24
[    2.176997] NET: Registered protocol family 16
[    2.195526] cpuidle: using governor ladder
[    2.206090] cpuidle: using governor menu
[    2.206637] PCCT header not found.
[    2.210762] ACPI: bus type PCI registered
[    2.211249] acpiphp: ACPI Hot Plug PCI Controller Driver version: 0.5
[    2.215045] PCI: Using configuration type 1 for base access
[    2.313498] ACPI: Added _OSI(Module Device)
[    2.313952] ACPI: Added _OSI(Processor Device)
[    2.314408] ACPI: Added _OSI(3.0 _SCP Extensions)
[    2.314843] ACPI: Added _OSI(Processor Aggregator Device)
[    2.341871] ACPI: Executed 1 blocks of module-level executable AML code
[    2.475425] ACPI: Interpreter enabled
[    2.476233] ACPI: (supports S0 S5)
[    2.476574] ACPI: Using IOAPIC for interrupt routing
[    2.486821] PCI: Using host bridge windows from ACPI; if necessary, use "pci=nocrs" and report a bug
[    2.693667] ACPI: PCI Root Bridge [PCI0] (domain 0000 [bus 00-ff])
[    2.694334] acpi PNP0A03:00: _OSC: OS supports [ASPM ClockPM Segments MSI]
[    2.716885] acpi PNP0A03:00: _OSC: not requesting OS control; OS requires [ExtendedConfig ASPM ClockPM MSI]
[    2.718016] acpi PNP0A03:00: fail to add MMCONFIG information, can't access extended PCI configuration space under this bridge.
[    2.726755] PCI host bridge to bus 0000:00
[    2.727257] pci_bus 0000:00: root bus resource [io  0x0000-0x0cf7 window]
[    2.727805] pci_bus 0000:00: root bus resource [io  0x0d00-0xffff window]
[    2.728762] pci_bus 0000:00: root bus resource [mem 0x000a0000-0x000bffff window]
[    2.729576] pci_bus 0000:00: root bus resource [mem 0x40000000-0xfdffffff window]
[    2.730334] pci_bus 0000:00: root bus resource [bus 00-ff]
[    2.740884] pci 0000:00:01.1: legacy IDE quirk: reg 0x10: [io  0x01f0-0x01f7]
[    2.741501] pci 0000:00:01.1: legacy IDE quirk: reg 0x14: [io  0x03f6]
[    2.742241] pci 0000:00:01.1: legacy IDE quirk: reg 0x18: [io  0x0170-0x0177]
[    2.742833] pci 0000:00:01.1: legacy IDE quirk: reg 0x1c: [io  0x0376]
[    2.764972] pci 0000:00:07.0: quirk: [io  0x4000-0x403f] claimed by PIIX4 ACPI
[    2.765646] pci 0000:00:07.0: quirk: [io  0x4100-0x410f] claimed by PIIX4 SMB
[    2.821566] ACPI: PCI Interrupt Link [LNKA] (IRQs 5 9 10 *11)
[    2.834157] ACPI: PCI Interrupt Link [LNKB] (IRQs 5 9 *10 11)
[    2.837929] ACPI: PCI Interrupt Link [LNKC] (IRQs 5 *9 10 11)
[    2.842152] ACPI: PCI Interrupt Link [LNKD] (IRQs 5 9 10 *11)
[    2.846153] ACPI: Enabled 2 GPEs in block 00 to 07
[    2.850639] vgaarb: setting as boot device: PCI:0000:00:02.0
[    2.851083] vgaarb: device added: PCI:0000:00:02.0,decodes=io+mem,owns=io+mem,locks=none
[    2.851864] vgaarb: loaded
[    2.852263] vgaarb: bridge control possible 0000:00:02.0
[    2.865272] SCSI subsystem initialized
[    2.867852] ACPI: bus type USB registered
[    2.869147] usbcore: registered new interface driver usbfs
[    2.870172] usbcore: registered new interface driver hub
[    2.870983] usbcore: registered new device driver usb
[    2.877354] PCI: Using ACPI for IRQ routing
[    2.882808] NetLabel: Initializing
[    2.883211] NetLabel:  domain hash size = 128
[    2.883662] NetLabel:  protocols = UNLABELED CIPSOv4
[    2.884413] NetLabel:  unlabeled traffic allowed by default
[    2.887765] amd_nb: Cannot enumerate AMD northbridges
[    2.888970] clocksource: Switched to clocksource kvm-clock
[    3.262711] AppArmor: AppArmor Filesystem Enabled
[    3.265385] pnp: PnP ACPI init
[    3.296078] pnp: PnP ACPI: found 3 devices
[    3.387166] clocksource: acpi_pm: mask: 0xffffff max_cycles: 0xffffff, max_idle_ns: 2085701024 ns
[    3.389666] NET: Registered protocol family 2
[    3.395361] TCP established hash table entries: 8192 (order: 4, 65536 bytes)
[    3.397430] TCP bind hash table entries: 8192 (order: 5, 131072 bytes)
[    3.399141] TCP: Hash tables configured (established 8192 bind 8192)
[    3.399998] UDP hash table entries: 512 (order: 2, 16384 bytes)
[    3.400910] UDP-Lite hash table entries: 512 (order: 2, 16384 bytes)
[    3.402827] NET: Registered protocol family 1
[    3.403587] pci 0000:00:00.0: Limiting direct PCI/PCI transfers
[    3.404301] pci 0000:00:01.0: Activating ISA DMA hang workarounds
[    3.407282] Unpacking initramfs...
[   13.941368] Freeing initrd memory: 14888K
[   13.944362] clocksource: tsc: mask: 0xffffffffffffffff max_cycles: 0x5897788a4, max_idle_ns: 440795203353 ns
[   13.946247] platform rtc_cmos: registered platform RTC device (no PNP device found)
[   13.948026] Scanning for low memory corruption every 60 seconds
[   13.960262] audit: initializing netlink subsys (disabled)
[   13.961100] audit: type=2000 audit(1704661449.090:1): initialized
[   13.973865] Initialise system trusted keyring
[   13.977415] HugeTLB registered 2 MB page size, pre-allocated 0 pages
[   14.073954] zbud: loaded
[   14.084764] VFS: Disk quotas dquot_6.6.0
[   14.086984] VFS: Dquot-cache hash table entries: 512 (order 0, 4096 bytes)
[   14.102639] squashfs: version 4.0 (2009/01/31) Phillip Lougher
[   14.115721] fuse init (API version 7.23)
[   14.122634] Key type big_key registered
[   14.123763] Allocating IMA MOK and blacklist keyrings.
[   14.136427] Key type asymmetric registered
[   14.137131] Asymmetric key parser 'x509' registered
[   14.139245] Block layer SCSI generic (bsg) driver version 0.4 loaded (major 249)
[   14.140765] io scheduler noop registered
[   14.141438] io scheduler deadline registered (default)
[   14.143471] io scheduler cfq registered
[   14.148049] pci_hotplug: PCI Hot Plug PCI Core version: 0.5
[   14.149102] pciehp: PCI Express Hot Plug Controller Driver version: 0.4
[   14.153915] ACPI: AC Adapter [AC] (off-line)
[   14.156820] input: Power Button as /devices/LNXSYSTM:00/LNXPWRBN:00/input/input0
[   14.157778] ACPI: Power Button [PWRF]
[   14.160206] input: Sleep Button as /devices/LNXSYSTM:00/LNXSLPBN:00/input/input1
[   14.161181] ACPI: Sleep Button [SLPF]
[   14.166212] GHES: HEST is not enabled!
[   14.170284] Serial: 8250/16550 driver, 32 ports, IRQ sharing enabled
[   14.191839] ACPI: Battery Slot [BAT0] (battery present)
[   14.192296] 00:02: ttyS0 at I/O 0x3f8 (irq = 4, base_baud = 115200) is a 16550A
[   14.258578] Linux agpgart interface v0.103
[   14.320246] loop: module loaded
[   14.340107] scsi host0: ata_piix
[   14.343697] scsi host1: ata_piix
[   14.345995] ata1: PATA max UDMA/33 cmd 0x1f0 ctl 0x3f6 bmdma 0xd000 irq 14
[   14.347019] ata2: PATA max UDMA/33 cmd 0x170 ctl 0x376 bmdma 0xd008 irq 15
[   14.351889] libphy: Fixed MDIO Bus: probed
[   14.352414] tun: Universal TUN/TAP device driver, 1.6
[   14.352895] tun: (C) 1999-2004 Max Krasnyansky <maxk@qualcomm.com>
[   14.355141] PPP generic driver version 2.4.2
[   14.357891] ehci_hcd: USB 2.0 'Enhanced' Host Controller (EHCI) Driver
[   14.358702] ehci-pci: EHCI PCI platform driver
[   14.359640] ehci-platform: EHCI generic platform driver
[   14.360545] ohci_hcd: USB 1.1 'Open' Host Controller (OHCI) Driver
[   14.361282] ohci-pci: OHCI PCI platform driver
[   14.362111] ohci-platform: OHCI generic platform driver
[   14.362901] uhci_hcd: USB Universal Host Controller Interface driver
[   14.365898] i8042: PNP: PS/2 Controller [PNP0303:PS2K,PNP0f03:PS2M] at 0x60,0x64 irq 1,12
[   14.368884] serio: i8042 KBD port at 0x60,0x64 irq 1
[   14.369579] serio: i8042 AUX port at 0x60,0x64 irq 12
[   14.375294] mousedev: PS/2 mouse device common for all mice
[   14.384051] input: AT Translated Set 2 keyboard as /devices/platform/i8042/serio0/input/input2
[   14.389445] rtc_cmos rtc_cmos: rtc core: registered rtc_cmos as rtc0
[   14.390198] rtc_cmos rtc_cmos: alarms up to one day, 114 bytes nvram
[   14.391082] i2c /dev entries driver
[   14.393507] device-mapper: uevent: version 1.0.3
[   14.396893] device-mapper: ioctl: 4.34.0-ioctl (2015-10-28) initialised: dm-devel@redhat.com
[   14.398471] ledtrig-cpu: registered to indicate activity on CPUs
[   14.412712] NET: Registered protocol family 10
[   14.418468] NET: Registered protocol family 17
[   14.419559] Key type dns_resolver registered
[   14.431948] registered taskstats version 1
[   14.432838] Loading compiled-in X.509 certificates
[   14.491682] Loaded X.509 cert 'Build time autogenerated kernel key: cf00e047681d67edb2720680708b7d9498083038'
[   14.493275] zswap: loaded using pool lzo/zbud
